<?xml version="1.0" encoding="UTF-8"?>
<!-- Generated by org.testng.reporters.JUnitXMLReporter -->
<testsuite ignored="2" hostname="DESKTOP-76T2GE2" failures="0" tests="1" name="Command line test" time="0.049" errors="0" timestamp="2022-05-18T14:10:10 IST">
  <testcase classname="com.vtest.tests.BaseLeadTest" name="@BeforeTest beforeClass" time="-1.652863210058E9">
    <failure type="org.testng.TestNGException" message="
Parameter &amp;apos;nodeIp&amp;apos; is required by BeforeTest on method beforeClass but has not been marked @Optional or defined
">
      <![CDATA[org.testng.TestNGException: 
Parameter 'nodeIp' is required by BeforeTest on method beforeClass but has not been marked @Optional or defined

... Removed 31 stack frames]]>
    </failure>
  </testcase> <!-- @BeforeTest beforeClass -->
  <testcase classname="com.vtest.tests.BaseLeadTest" name="@AfterTest afterClass" time="0.0">
    <skipped/>
  </testcase> <!-- @AfterTest afterClass -->
  <testcase classname="com.vtest.tests.SampleTest" name="name" time="0.0">
    <skipped/>
  </testcase> <!-- name -->
  <testcase classname="com.vtest.tests.BaseLeadTest" name="@AfterTest afterClass" time="0.0">
    <ignored/>
  </testcase> <!-- @AfterTest afterClass -->
  <testcase classname="com.vtest.tests.BaseLeadTest" name="@BeforeTest beforeClass" time="0.0">
    <ignored/>
  </testcase> <!-- @BeforeTest beforeClass -->
</testsuite> <!-- Command line test -->
