<?xml version="1.0" encoding="UTF-8"?>
<testng-results ignored="0" total="1" passed="1" failed="0" skipped="0">
  <reporter-output>
  </reporter-output>
  <suite started-at="2022-05-18T15:20:07 IST" name="Automation Testing - Functional" finished-at="2022-05-18T15:20:13 IST" duration-ms="5921">
    <groups>
    </groups>
    <test started-at="2022-05-18T15:20:07 IST" name="VtestAutomation" finished-at="2022-05-18T15:20:13 IST" duration-ms="5921">
      <class name="com.vtest.tests.ConactusTest">
        <test-method is-config="true" signature="beforeClass(java.lang.String,java.lang.String,java.lang.String)[pri:0, instance:com.vtest.tests.ConactusTest@210ab13f]" started-at="2022-05-18T15:20:07 IST" name="beforeClass" finished-at="2022-05-18T15:20:10 IST" duration-ms="2826" status="PASS">
          <params>
            <param index="0">
              <value>
                <![CDATA[localhost]]>
              </value>
            </param>
            <param index="1">
              <value>
                <![CDATA[5555]]>
              </value>
            </param>
            <param index="2">
              <value>
                <![CDATA[chrome]]>
              </value>
            </param>
          </params>
          <reporter-output>
          </reporter-output>
        </test-method> <!-- beforeClass -->
        <test-method signature="name()[pri:0, instance:com.vtest.tests.ConactusTest@210ab13f]" started-at="2022-05-18T15:20:10 IST" name="name" finished-at="2022-05-18T15:20:13 IST" duration-ms="2935" status="PASS">
          <reporter-output>
          </reporter-output>
        </test-method> <!-- name -->
        <test-method is-config="true" signature="afterClass()[pri:0, instance:com.vtest.tests.ConactusTest@210ab13f]" started-at="2022-05-18T15:20:13 IST" name="afterClass" finished-at="2022-05-18T15:20:13 IST" duration-ms="106" status="PASS">
          <reporter-output>
          </reporter-output>
        </test-method> <!-- afterClass -->
      </class> <!-- com.vtest.tests.ConactusTest -->
    </test> <!-- VtestAutomation -->
  </suite> <!-- Automation Testing - Functional -->
</testng-results>
